CRITICAL - 2023-08-04 06:22:17 --> Undefined variable $request
in APPPATH\Controllers\Home.php on line 75.
 1 APPPATH\Controllers\Home.php(75): CodeIgniter\Debug\Exceptions->errorHandler(2, 'Undefined variable $request', 'C:\\Users\\pc\\Desktop\\Maohu\\app\\Controllers\\Home.php', 75)
 2 SYSTEMPATH\CodeIgniter.php(934): App\Controllers\Home->get_sales()
 3 SYSTEMPATH\CodeIgniter.php(499): CodeIgniter\CodeIgniter->runController(Object(App\Controllers\Home))
 4 SYSTEMPATH\CodeIgniter.php(368): CodeIgniter\CodeIgniter->handleRequest(null, Object(Config\Cache), false)
 5 FCPATH\index.php(67): CodeIgniter\CodeIgniter->run()
 6 SYSTEMPATH\Commands\Server\rewrite.php(47): require_once('C:\\Users\\pc\\Desktop\\Maohu\\public\\index.php')
CRITICAL - 2023-08-04 06:23:13 --> syntax error, unexpected variable "$result"
in APPPATH\Controllers\Home.php on line 77.
 1 SYSTEMPATH\Autoloader\Autoloader.php(289): CodeIgniter\Autoloader\Autoloader->includeFile('C:\\Users\\pc\\Desktop\\Maohu\\app\\Controllers\\Home.php')
 2 SYSTEMPATH\Autoloader\Autoloader.php(267): CodeIgniter\Autoloader\Autoloader->loadInNamespace('App\\Controllers\\Home')
 3 [internal function]: CodeIgniter\Autoloader\Autoloader->loadClass('App\\Controllers\\Home')
 4 SYSTEMPATH\CodeIgniter.php(892): class_exists('\\App\\Controllers\\Home', true)
 5 SYSTEMPATH\CodeIgniter.php(486): CodeIgniter\CodeIgniter->startController()
 6 SYSTEMPATH\CodeIgniter.php(368): CodeIgniter\CodeIgniter->handleRequest(null, Object(Config\Cache), false)
 7 FCPATH\index.php(67): CodeIgniter\CodeIgniter->run()
 8 SYSTEMPATH\Commands\Server\rewrite.php(47): require_once('C:\\Users\\pc\\Desktop\\Maohu\\public\\index.php')
CRITICAL - 2023-08-04 06:23:31 --> Undefined variable $request
in APPPATH\Controllers\Home.php on line 75.
 1 APPPATH\Controllers\Home.php(75): CodeIgniter\Debug\Exceptions->errorHandler(2, 'Undefined variable $request', 'C:\\Users\\pc\\Desktop\\Maohu\\app\\Controllers\\Home.php', 75)
 2 SYSTEMPATH\CodeIgniter.php(934): App\Controllers\Home->get_sales()
 3 SYSTEMPATH\CodeIgniter.php(499): CodeIgniter\CodeIgniter->runController(Object(App\Controllers\Home))
 4 SYSTEMPATH\CodeIgniter.php(368): CodeIgniter\CodeIgniter->handleRequest(null, Object(Config\Cache), false)
 5 FCPATH\index.php(67): CodeIgniter\CodeIgniter->run()
 6 SYSTEMPATH\Commands\Server\rewrite.php(47): require_once('C:\\Users\\pc\\Desktop\\Maohu\\public\\index.php')
CRITICAL - 2023-08-04 06:23:46 --> Undefined variable $request
in APPPATH\Controllers\Home.php on line 75.
 1 APPPATH\Controllers\Home.php(75): CodeIgniter\Debug\Exceptions->errorHandler(2, 'Undefined variable $request', 'C:\\Users\\pc\\Desktop\\Maohu\\app\\Controllers\\Home.php', 75)
 2 SYSTEMPATH\CodeIgniter.php(934): App\Controllers\Home->get_sales()
 3 SYSTEMPATH\CodeIgniter.php(499): CodeIgniter\CodeIgniter->runController(Object(App\Controllers\Home))
 4 SYSTEMPATH\CodeIgniter.php(368): CodeIgniter\CodeIgniter->handleRequest(null, Object(Config\Cache), false)
 5 FCPATH\index.php(67): CodeIgniter\CodeIgniter->run()
 6 SYSTEMPATH\Commands\Server\rewrite.php(47): require_once('C:\\Users\\pc\\Desktop\\Maohu\\public\\index.php')
CRITICAL - 2023-08-04 06:25:00 --> Undefined variable $request
in APPPATH\Controllers\Home.php on line 75.
 1 APPPATH\Controllers\Home.php(75): CodeIgniter\Debug\Exceptions->errorHandler(2, 'Undefined variable $request', 'C:\\Users\\pc\\Desktop\\Maohu\\app\\Controllers\\Home.php', 75)
 2 SYSTEMPATH\CodeIgniter.php(934): App\Controllers\Home->get_sales()
 3 SYSTEMPATH\CodeIgniter.php(499): CodeIgniter\CodeIgniter->runController(Object(App\Controllers\Home))
 4 SYSTEMPATH\CodeIgniter.php(368): CodeIgniter\CodeIgniter->handleRequest(null, Object(Config\Cache), false)
 5 FCPATH\index.php(67): CodeIgniter\CodeIgniter->run()
 6 SYSTEMPATH\Commands\Server\rewrite.php(47): require_once('C:\\Users\\pc\\Desktop\\Maohu\\public\\index.php')
CRITICAL - 2023-08-04 06:25:20 --> Undefined variable $request
in APPPATH\Controllers\Home.php on line 75.
 1 APPPATH\Controllers\Home.php(75): CodeIgniter\Debug\Exceptions->errorHandler(2, 'Undefined variable $request', 'C:\\Users\\pc\\Desktop\\Maohu\\app\\Controllers\\Home.php', 75)
 2 SYSTEMPATH\CodeIgniter.php(934): App\Controllers\Home->get_sales()
 3 SYSTEMPATH\CodeIgniter.php(499): CodeIgniter\CodeIgniter->runController(Object(App\Controllers\Home))
 4 SYSTEMPATH\CodeIgniter.php(368): CodeIgniter\CodeIgniter->handleRequest(null, Object(Config\Cache), false)
 5 FCPATH\index.php(67): CodeIgniter\CodeIgniter->run()
 6 SYSTEMPATH\Commands\Server\rewrite.php(47): require_once('C:\\Users\\pc\\Desktop\\Maohu\\public\\index.php')
CRITICAL - 2023-08-04 06:25:33 --> Undefined variable $request
in APPPATH\Controllers\Home.php on line 75.
 1 APPPATH\Controllers\Home.php(75): CodeIgniter\Debug\Exceptions->errorHandler(2, 'Undefined variable $request', 'C:\\Users\\pc\\Desktop\\Maohu\\app\\Controllers\\Home.php', 75)
 2 SYSTEMPATH\CodeIgniter.php(934): App\Controllers\Home->get_sales()
 3 SYSTEMPATH\CodeIgniter.php(499): CodeIgniter\CodeIgniter->runController(Object(App\Controllers\Home))
 4 SYSTEMPATH\CodeIgniter.php(368): CodeIgniter\CodeIgniter->handleRequest(null, Object(Config\Cache), false)
 5 FCPATH\index.php(67): CodeIgniter\CodeIgniter->run()
 6 SYSTEMPATH\Commands\Server\rewrite.php(47): require_once('C:\\Users\\pc\\Desktop\\Maohu\\public\\index.php')
CRITICAL - 2023-08-04 08:16:49 --> Call to undefined function App\Models\Number()
in APPPATH\Models\SaleModel.php on line 28.
 1 APPPATH\Controllers\Home.php(91): App\Models\SaleModel->get_sales_monthly_total()
 2 SYSTEMPATH\CodeIgniter.php(934): App\Controllers\Home->get_sales_monthly_total()
 3 SYSTEMPATH\CodeIgniter.php(499): CodeIgniter\CodeIgniter->runController(Object(App\Controllers\Home))
 4 SYSTEMPATH\CodeIgniter.php(368): CodeIgniter\CodeIgniter->handleRequest(null, Object(Config\Cache), false)
 5 FCPATH\index.php(67): CodeIgniter\CodeIgniter->run()
 6 SYSTEMPATH\Commands\Server\rewrite.php(47): require_once('C:\\Users\\pc\\Desktop\\Maohu\\public\\index.php')
CRITICAL - 2023-08-04 08:16:53 --> Call to undefined function App\Models\Number()
in APPPATH\Models\SaleModel.php on line 28.
 1 APPPATH\Controllers\Home.php(91): App\Models\SaleModel->get_sales_monthly_total()
 2 SYSTEMPATH\CodeIgniter.php(934): App\Controllers\Home->get_sales_monthly_total()
 3 SYSTEMPATH\CodeIgniter.php(499): CodeIgniter\CodeIgniter->runController(Object(App\Controllers\Home))
 4 SYSTEMPATH\CodeIgniter.php(368): CodeIgniter\CodeIgniter->handleRequest(null, Object(Config\Cache), false)
 5 FCPATH\index.php(67): CodeIgniter\CodeIgniter->run()
 6 SYSTEMPATH\Commands\Server\rewrite.php(47): require_once('C:\\Users\\pc\\Desktop\\Maohu\\public\\index.php')
CRITICAL - 2023-08-04 08:17:03 --> Call to undefined function App\Models\Number()
in APPPATH\Models\SaleModel.php on line 28.
 1 APPPATH\Controllers\Home.php(91): App\Models\SaleModel->get_sales_monthly_total()
 2 SYSTEMPATH\CodeIgniter.php(934): App\Controllers\Home->get_sales_monthly_total()
 3 SYSTEMPATH\CodeIgniter.php(499): CodeIgniter\CodeIgniter->runController(Object(App\Controllers\Home))
 4 SYSTEMPATH\CodeIgniter.php(368): CodeIgniter\CodeIgniter->handleRequest(null, Object(Config\Cache), false)
 5 FCPATH\index.php(67): CodeIgniter\CodeIgniter->run()
 6 SYSTEMPATH\Commands\Server\rewrite.php(47): require_once('C:\\Users\\pc\\Desktop\\Maohu\\public\\index.php')
CRITICAL - 2023-08-04 08:18:16 --> Call to undefined function App\Models\Number()
in APPPATH\Models\SaleModel.php on line 28.
 1 APPPATH\Controllers\Home.php(91): App\Models\SaleModel->get_sales_monthly_total()
 2 SYSTEMPATH\CodeIgniter.php(934): App\Controllers\Home->get_sales_monthly_total()
 3 SYSTEMPATH\CodeIgniter.php(499): CodeIgniter\CodeIgniter->runController(Object(App\Controllers\Home))
 4 SYSTEMPATH\CodeIgniter.php(368): CodeIgniter\CodeIgniter->handleRequest(null, Object(Config\Cache), false)
 5 FCPATH\index.php(67): CodeIgniter\CodeIgniter->run()
 6 SYSTEMPATH\Commands\Server\rewrite.php(47): require_once('C:\\Users\\pc\\Desktop\\Maohu\\public\\index.php')
CRITICAL - 2023-08-04 08:18:44 --> Call to undefined function App\Models\Number()
in APPPATH\Models\SaleModel.php on line 28.
 1 APPPATH\Controllers\Home.php(91): App\Models\SaleModel->get_sales_monthly_total()
 2 SYSTEMPATH\CodeIgniter.php(934): App\Controllers\Home->get_sales_monthly_total()
 3 SYSTEMPATH\CodeIgniter.php(499): CodeIgniter\CodeIgniter->runController(Object(App\Controllers\Home))
 4 SYSTEMPATH\CodeIgniter.php(368): CodeIgniter\CodeIgniter->handleRequest(null, Object(Config\Cache), false)
 5 FCPATH\index.php(67): CodeIgniter\CodeIgniter->run()
 6 SYSTEMPATH\Commands\Server\rewrite.php(47): require_once('C:\\Users\\pc\\Desktop\\Maohu\\public\\index.php')
CRITICAL - 2023-08-04 08:19:13 --> Call to undefined function App\Models\Number()
in APPPATH\Models\SaleModel.php on line 28.
 1 APPPATH\Controllers\Home.php(91): App\Models\SaleModel->get_sales_monthly_total()
 2 SYSTEMPATH\CodeIgniter.php(934): App\Controllers\Home->get_sales_monthly_total()
 3 SYSTEMPATH\CodeIgniter.php(499): CodeIgniter\CodeIgniter->runController(Object(App\Controllers\Home))
 4 SYSTEMPATH\CodeIgniter.php(368): CodeIgniter\CodeIgniter->handleRequest(null, Object(Config\Cache), false)
 5 FCPATH\index.php(67): CodeIgniter\CodeIgniter->run()
 6 SYSTEMPATH\Commands\Server\rewrite.php(47): require_once('C:\\Users\\pc\\Desktop\\Maohu\\public\\index.php')
CRITICAL - 2023-08-04 08:19:16 --> Call to undefined function App\Models\Number()
in APPPATH\Models\SaleModel.php on line 28.
 1 APPPATH\Controllers\Home.php(91): App\Models\SaleModel->get_sales_monthly_total()
 2 SYSTEMPATH\CodeIgniter.php(934): App\Controllers\Home->get_sales_monthly_total()
 3 SYSTEMPATH\CodeIgniter.php(499): CodeIgniter\CodeIgniter->runController(Object(App\Controllers\Home))
 4 SYSTEMPATH\CodeIgniter.php(368): CodeIgniter\CodeIgniter->handleRequest(null, Object(Config\Cache), false)
 5 FCPATH\index.php(67): CodeIgniter\CodeIgniter->run()
 6 SYSTEMPATH\Commands\Server\rewrite.php(47): require_once('C:\\Users\\pc\\Desktop\\Maohu\\public\\index.php')
CRITICAL - 2023-08-04 08:19:17 --> Call to undefined function App\Models\Number()
in APPPATH\Models\SaleModel.php on line 28.
 1 APPPATH\Controllers\Home.php(91): App\Models\SaleModel->get_sales_monthly_total()
 2 SYSTEMPATH\CodeIgniter.php(934): App\Controllers\Home->get_sales_monthly_total()
 3 SYSTEMPATH\CodeIgniter.php(499): CodeIgniter\CodeIgniter->runController(Object(App\Controllers\Home))
 4 SYSTEMPATH\CodeIgniter.php(368): CodeIgniter\CodeIgniter->handleRequest(null, Object(Config\Cache), false)
 5 FCPATH\index.php(67): CodeIgniter\CodeIgniter->run()
 6 SYSTEMPATH\Commands\Server\rewrite.php(47): require_once('C:\\Users\\pc\\Desktop\\Maohu\\public\\index.php')
CRITICAL - 2023-08-04 08:19:46 --> Call to undefined function App\Models\Number()
in APPPATH\Models\SaleModel.php on line 28.
 1 APPPATH\Controllers\Home.php(91): App\Models\SaleModel->get_sales_monthly_total()
 2 SYSTEMPATH\CodeIgniter.php(934): App\Controllers\Home->get_sales_monthly_total()
 3 SYSTEMPATH\CodeIgniter.php(499): CodeIgniter\CodeIgniter->runController(Object(App\Controllers\Home))
 4 SYSTEMPATH\CodeIgniter.php(368): CodeIgniter\CodeIgniter->handleRequest(null, Object(Config\Cache), false)
 5 FCPATH\index.php(67): CodeIgniter\CodeIgniter->run()
 6 SYSTEMPATH\Commands\Server\rewrite.php(47): require_once('C:\\Users\\pc\\Desktop\\Maohu\\public\\index.php')
CRITICAL - 2023-08-04 08:19:49 --> Call to undefined function App\Models\Number()
in APPPATH\Models\SaleModel.php on line 28.
 1 APPPATH\Controllers\Home.php(91): App\Models\SaleModel->get_sales_monthly_total()
 2 SYSTEMPATH\CodeIgniter.php(934): App\Controllers\Home->get_sales_monthly_total()
 3 SYSTEMPATH\CodeIgniter.php(499): CodeIgniter\CodeIgniter->runController(Object(App\Controllers\Home))
 4 SYSTEMPATH\CodeIgniter.php(368): CodeIgniter\CodeIgniter->handleRequest(null, Object(Config\Cache), false)
 5 FCPATH\index.php(67): CodeIgniter\CodeIgniter->run()
 6 SYSTEMPATH\Commands\Server\rewrite.php(47): require_once('C:\\Users\\pc\\Desktop\\Maohu\\public\\index.php')
CRITICAL - 2023-08-04 08:20:52 --> Call to undefined function App\Models\Number()
in APPPATH\Models\SaleModel.php on line 28.
 1 APPPATH\Controllers\Home.php(91): App\Models\SaleModel->get_sales_monthly_total()
 2 SYSTEMPATH\CodeIgniter.php(934): App\Controllers\Home->get_sales_monthly_total()
 3 SYSTEMPATH\CodeIgniter.php(499): CodeIgniter\CodeIgniter->runController(Object(App\Controllers\Home))
 4 SYSTEMPATH\CodeIgniter.php(368): CodeIgniter\CodeIgniter->handleRequest(null, Object(Config\Cache), false)
 5 FCPATH\index.php(67): CodeIgniter\CodeIgniter->run()
 6 SYSTEMPATH\Commands\Server\rewrite.php(47): require_once('C:\\Users\\pc\\Desktop\\Maohu\\public\\index.php')
CRITICAL - 2023-08-04 08:20:54 --> Call to undefined function App\Models\Number()
in APPPATH\Models\SaleModel.php on line 28.
 1 APPPATH\Controllers\Home.php(91): App\Models\SaleModel->get_sales_monthly_total()
 2 SYSTEMPATH\CodeIgniter.php(934): App\Controllers\Home->get_sales_monthly_total()
 3 SYSTEMPATH\CodeIgniter.php(499): CodeIgniter\CodeIgniter->runController(Object(App\Controllers\Home))
 4 SYSTEMPATH\CodeIgniter.php(368): CodeIgniter\CodeIgniter->handleRequest(null, Object(Config\Cache), false)
 5 FCPATH\index.php(67): CodeIgniter\CodeIgniter->run()
 6 SYSTEMPATH\Commands\Server\rewrite.php(47): require_once('C:\\Users\\pc\\Desktop\\Maohu\\public\\index.php')
CRITICAL - 2023-08-04 08:20:56 --> Call to undefined function App\Models\Number()
in APPPATH\Models\SaleModel.php on line 28.
 1 APPPATH\Controllers\Home.php(91): App\Models\SaleModel->get_sales_monthly_total()
 2 SYSTEMPATH\CodeIgniter.php(934): App\Controllers\Home->get_sales_monthly_total()
 3 SYSTEMPATH\CodeIgniter.php(499): CodeIgniter\CodeIgniter->runController(Object(App\Controllers\Home))
 4 SYSTEMPATH\CodeIgniter.php(368): CodeIgniter\CodeIgniter->handleRequest(null, Object(Config\Cache), false)
 5 FCPATH\index.php(67): CodeIgniter\CodeIgniter->run()
 6 SYSTEMPATH\Commands\Server\rewrite.php(47): require_once('C:\\Users\\pc\\Desktop\\Maohu\\public\\index.php')
CRITICAL - 2023-08-04 08:20:56 --> Call to undefined function App\Models\Number()
in APPPATH\Models\SaleModel.php on line 28.
 1 APPPATH\Controllers\Home.php(91): App\Models\SaleModel->get_sales_monthly_total()
 2 SYSTEMPATH\CodeIgniter.php(934): App\Controllers\Home->get_sales_monthly_total()
 3 SYSTEMPATH\CodeIgniter.php(499): CodeIgniter\CodeIgniter->runController(Object(App\Controllers\Home))
 4 SYSTEMPATH\CodeIgniter.php(368): CodeIgniter\CodeIgniter->handleRequest(null, Object(Config\Cache), false)
 5 FCPATH\index.php(67): CodeIgniter\CodeIgniter->run()
 6 SYSTEMPATH\Commands\Server\rewrite.php(47): require_once('C:\\Users\\pc\\Desktop\\Maohu\\public\\index.php')
CRITICAL - 2023-08-04 08:20:56 --> Call to undefined function App\Models\Number()
in APPPATH\Models\SaleModel.php on line 28.
 1 APPPATH\Controllers\Home.php(91): App\Models\SaleModel->get_sales_monthly_total()
 2 SYSTEMPATH\CodeIgniter.php(934): App\Controllers\Home->get_sales_monthly_total()
 3 SYSTEMPATH\CodeIgniter.php(499): CodeIgniter\CodeIgniter->runController(Object(App\Controllers\Home))
 4 SYSTEMPATH\CodeIgniter.php(368): CodeIgniter\CodeIgniter->handleRequest(null, Object(Config\Cache), false)
 5 FCPATH\index.php(67): CodeIgniter\CodeIgniter->run()
 6 SYSTEMPATH\Commands\Server\rewrite.php(47): require_once('C:\\Users\\pc\\Desktop\\Maohu\\public\\index.php')
CRITICAL - 2023-08-04 08:24:48 --> Call to undefined function App\Models\Number()
in APPPATH\Models\SaleModel.php on line 28.
 1 APPPATH\Controllers\Home.php(91): App\Models\SaleModel->get_sales_monthly_total()
 2 SYSTEMPATH\CodeIgniter.php(934): App\Controllers\Home->get_sales_monthly_total()
 3 SYSTEMPATH\CodeIgniter.php(499): CodeIgniter\CodeIgniter->runController(Object(App\Controllers\Home))
 4 SYSTEMPATH\CodeIgniter.php(368): CodeIgniter\CodeIgniter->handleRequest(null, Object(Config\Cache), false)
 5 FCPATH\index.php(67): CodeIgniter\CodeIgniter->run()
 6 SYSTEMPATH\Commands\Server\rewrite.php(47): require_once('C:\\Users\\pc\\Desktop\\Maohu\\public\\index.php')
CRITICAL - 2023-08-04 08:24:52 --> Call to undefined function App\Models\Number()
in APPPATH\Models\SaleModel.php on line 28.
 1 APPPATH\Controllers\Home.php(91): App\Models\SaleModel->get_sales_monthly_total()
 2 SYSTEMPATH\CodeIgniter.php(934): App\Controllers\Home->get_sales_monthly_total()
 3 SYSTEMPATH\CodeIgniter.php(499): CodeIgniter\CodeIgniter->runController(Object(App\Controllers\Home))
 4 SYSTEMPATH\CodeIgniter.php(368): CodeIgniter\CodeIgniter->handleRequest(null, Object(Config\Cache), false)
 5 FCPATH\index.php(67): CodeIgniter\CodeIgniter->run()
 6 SYSTEMPATH\Commands\Server\rewrite.php(47): require_once('C:\\Users\\pc\\Desktop\\Maohu\\public\\index.php')
CRITICAL - 2023-08-04 08:25:07 --> Call to undefined function App\Models\Number()
in APPPATH\Models\SaleModel.php on line 28.
 1 APPPATH\Controllers\Home.php(91): App\Models\SaleModel->get_sales_monthly_total()
 2 SYSTEMPATH\CodeIgniter.php(934): App\Controllers\Home->get_sales_monthly_total()
 3 SYSTEMPATH\CodeIgniter.php(499): CodeIgniter\CodeIgniter->runController(Object(App\Controllers\Home))
 4 SYSTEMPATH\CodeIgniter.php(368): CodeIgniter\CodeIgniter->handleRequest(null, Object(Config\Cache), false)
 5 FCPATH\index.php(67): CodeIgniter\CodeIgniter->run()
 6 SYSTEMPATH\Commands\Server\rewrite.php(47): require_once('C:\\Users\\pc\\Desktop\\Maohu\\public\\index.php')
CRITICAL - 2023-08-04 08:25:10 --> Call to undefined function App\Models\Number()
in APPPATH\Models\SaleModel.php on line 28.
 1 APPPATH\Controllers\Home.php(91): App\Models\SaleModel->get_sales_monthly_total()
 2 SYSTEMPATH\CodeIgniter.php(934): App\Controllers\Home->get_sales_monthly_total()
 3 SYSTEMPATH\CodeIgniter.php(499): CodeIgniter\CodeIgniter->runController(Object(App\Controllers\Home))
 4 SYSTEMPATH\CodeIgniter.php(368): CodeIgniter\CodeIgniter->handleRequest(null, Object(Config\Cache), false)
 5 FCPATH\index.php(67): CodeIgniter\CodeIgniter->run()
 6 SYSTEMPATH\Commands\Server\rewrite.php(47): require_once('C:\\Users\\pc\\Desktop\\Maohu\\public\\index.php')
CRITICAL - 2023-08-04 08:25:19 --> Call to undefined function App\Models\Number()
in APPPATH\Models\SaleModel.php on line 28.
 1 APPPATH\Controllers\Home.php(91): App\Models\SaleModel->get_sales_monthly_total()
 2 SYSTEMPATH\CodeIgniter.php(934): App\Controllers\Home->get_sales_monthly_total()
 3 SYSTEMPATH\CodeIgniter.php(499): CodeIgniter\CodeIgniter->runController(Object(App\Controllers\Home))
 4 SYSTEMPATH\CodeIgniter.php(368): CodeIgniter\CodeIgniter->handleRequest(null, Object(Config\Cache), false)
 5 FCPATH\index.php(67): CodeIgniter\CodeIgniter->run()
 6 SYSTEMPATH\Commands\Server\rewrite.php(47): require_once('C:\\Users\\pc\\Desktop\\Maohu\\public\\index.php')
CRITICAL - 2023-08-04 08:25:21 --> Call to undefined function App\Models\Number()
in APPPATH\Models\SaleModel.php on line 28.
 1 APPPATH\Controllers\Home.php(91): App\Models\SaleModel->get_sales_monthly_total()
 2 SYSTEMPATH\CodeIgniter.php(934): App\Controllers\Home->get_sales_monthly_total()
 3 SYSTEMPATH\CodeIgniter.php(499): CodeIgniter\CodeIgniter->runController(Object(App\Controllers\Home))
 4 SYSTEMPATH\CodeIgniter.php(368): CodeIgniter\CodeIgniter->handleRequest(null, Object(Config\Cache), false)
 5 FCPATH\index.php(67): CodeIgniter\CodeIgniter->run()
 6 SYSTEMPATH\Commands\Server\rewrite.php(47): require_once('C:\\Users\\pc\\Desktop\\Maohu\\public\\index.php')
CRITICAL - 2023-08-04 08:25:28 --> Call to undefined function App\Models\Number()
in APPPATH\Models\SaleModel.php on line 28.
 1 APPPATH\Controllers\Home.php(91): App\Models\SaleModel->get_sales_monthly_total()
 2 SYSTEMPATH\CodeIgniter.php(934): App\Controllers\Home->get_sales_monthly_total()
 3 SYSTEMPATH\CodeIgniter.php(499): CodeIgniter\CodeIgniter->runController(Object(App\Controllers\Home))
 4 SYSTEMPATH\CodeIgniter.php(368): CodeIgniter\CodeIgniter->handleRequest(null, Object(Config\Cache), false)
 5 FCPATH\index.php(67): CodeIgniter\CodeIgniter->run()
 6 SYSTEMPATH\Commands\Server\rewrite.php(47): require_once('C:\\Users\\pc\\Desktop\\Maohu\\public\\index.php')
CRITICAL - 2023-08-04 08:25:32 --> Call to undefined function App\Models\Number()
in APPPATH\Models\SaleModel.php on line 28.
 1 APPPATH\Controllers\Home.php(91): App\Models\SaleModel->get_sales_monthly_total()
 2 SYSTEMPATH\CodeIgniter.php(934): App\Controllers\Home->get_sales_monthly_total()
 3 SYSTEMPATH\CodeIgniter.php(499): CodeIgniter\CodeIgniter->runController(Object(App\Controllers\Home))
 4 SYSTEMPATH\CodeIgniter.php(368): CodeIgniter\CodeIgniter->handleRequest(null, Object(Config\Cache), false)
 5 FCPATH\index.php(67): CodeIgniter\CodeIgniter->run()
 6 SYSTEMPATH\Commands\Server\rewrite.php(47): require_once('C:\\Users\\pc\\Desktop\\Maohu\\public\\index.php')
CRITICAL - 2023-08-04 09:25:43 --> Call to undefined function App\Controllers\signin()
in APPPATH\Controllers\Home.php on line 51.
 1 SYSTEMPATH\CodeIgniter.php(934): App\Controllers\Home->signout()
 2 SYSTEMPATH\CodeIgniter.php(499): CodeIgniter\CodeIgniter->runController(Object(App\Controllers\Home))
 3 SYSTEMPATH\CodeIgniter.php(368): CodeIgniter\CodeIgniter->handleRequest(null, Object(Config\Cache), false)
 4 FCPATH\index.php(67): CodeIgniter\CodeIgniter->run()
 5 SYSTEMPATH\Commands\Server\rewrite.php(47): require_once('C:\\Users\\pc\\Desktop\\Maohu\\public\\index.php')
CRITICAL - 2023-08-04 09:44:16 --> Call to undefined method CodeIgniter\Session\Session::userdata()
in APPPATH\Controllers\Home.php on line 11.
 1 SYSTEMPATH\CodeIgniter.php(934): App\Controllers\Home->index()
 2 SYSTEMPATH\CodeIgniter.php(499): CodeIgniter\CodeIgniter->runController(Object(App\Controllers\Home))
 3 SYSTEMPATH\CodeIgniter.php(368): CodeIgniter\CodeIgniter->handleRequest(null, Object(Config\Cache), false)
 4 FCPATH\index.php(67): CodeIgniter\CodeIgniter->run()
 5 SYSTEMPATH\Commands\Server\rewrite.php(47): require_once('C:\\Users\\pc\\Desktop\\Maohu\\public\\index.php')
CRITICAL - 2023-08-04 09:44:17 --> Call to undefined method CodeIgniter\Session\Session::userdata()
in APPPATH\Controllers\Home.php on line 11.
 1 SYSTEMPATH\CodeIgniter.php(934): App\Controllers\Home->index()
 2 SYSTEMPATH\CodeIgniter.php(499): CodeIgniter\CodeIgniter->runController(Object(App\Controllers\Home))
 3 SYSTEMPATH\CodeIgniter.php(368): CodeIgniter\CodeIgniter->handleRequest(null, Object(Config\Cache), false)
 4 FCPATH\index.php(67): CodeIgniter\CodeIgniter->run()
 5 SYSTEMPATH\Commands\Server\rewrite.php(47): require_once('C:\\Users\\pc\\Desktop\\Maohu\\public\\index.php')
CRITICAL - 2023-08-04 09:45:17 --> Call to undefined method CodeIgniter\Session\Session::userdata()
in APPPATH\Controllers\Home.php on line 11.
 1 SYSTEMPATH\CodeIgniter.php(934): App\Controllers\Home->index()
 2 SYSTEMPATH\CodeIgniter.php(499): CodeIgniter\CodeIgniter->runController(Object(App\Controllers\Home))
 3 SYSTEMPATH\CodeIgniter.php(368): CodeIgniter\CodeIgniter->handleRequest(null, Object(Config\Cache), false)
 4 FCPATH\index.php(67): CodeIgniter\CodeIgniter->run()
 5 SYSTEMPATH\Commands\Server\rewrite.php(47): require_once('C:\\Users\\pc\\Desktop\\Maohu\\public\\index.php')
CRITICAL - 2023-08-04 09:45:18 --> Call to undefined method CodeIgniter\Session\Session::userdata()
in APPPATH\Controllers\Home.php on line 11.
 1 SYSTEMPATH\CodeIgniter.php(934): App\Controllers\Home->index()
 2 SYSTEMPATH\CodeIgniter.php(499): CodeIgniter\CodeIgniter->runController(Object(App\Controllers\Home))
 3 SYSTEMPATH\CodeIgniter.php(368): CodeIgniter\CodeIgniter->handleRequest(null, Object(Config\Cache), false)
 4 FCPATH\index.php(67): CodeIgniter\CodeIgniter->run()
 5 SYSTEMPATH\Commands\Server\rewrite.php(47): require_once('C:\\Users\\pc\\Desktop\\Maohu\\public\\index.php')
CRITICAL - 2023-08-04 09:45:48 --> Call to undefined method CodeIgniter\Session\Session::userdata()
in APPPATH\Controllers\Home.php on line 11.
 1 SYSTEMPATH\CodeIgniter.php(934): App\Controllers\Home->index()
 2 SYSTEMPATH\CodeIgniter.php(499): CodeIgniter\CodeIgniter->runController(Object(App\Controllers\Home))
 3 SYSTEMPATH\CodeIgniter.php(368): CodeIgniter\CodeIgniter->handleRequest(null, Object(Config\Cache), false)
 4 FCPATH\index.php(67): CodeIgniter\CodeIgniter->run()
 5 SYSTEMPATH\Commands\Server\rewrite.php(47): require_once('C:\\Users\\pc\\Desktop\\Maohu\\public\\index.php')
CRITICAL - 2023-08-04 09:45:49 --> Call to undefined method CodeIgniter\Session\Session::userdata()
in APPPATH\Controllers\Home.php on line 11.
 1 SYSTEMPATH\CodeIgniter.php(934): App\Controllers\Home->index()
 2 SYSTEMPATH\CodeIgniter.php(499): CodeIgniter\CodeIgniter->runController(Object(App\Controllers\Home))
 3 SYSTEMPATH\CodeIgniter.php(368): CodeIgniter\CodeIgniter->handleRequest(null, Object(Config\Cache), false)
 4 FCPATH\index.php(67): CodeIgniter\CodeIgniter->run()
 5 SYSTEMPATH\Commands\Server\rewrite.php(47): require_once('C:\\Users\\pc\\Desktop\\Maohu\\public\\index.php')
CRITICAL - 2023-08-04 09:46:08 --> Call to undefined method CodeIgniter\Session\Session::userdata()
in APPPATH\Controllers\Home.php on line 11.
 1 SYSTEMPATH\CodeIgniter.php(934): App\Controllers\Home->index()
 2 SYSTEMPATH\CodeIgniter.php(499): CodeIgniter\CodeIgniter->runController(Object(App\Controllers\Home))
 3 SYSTEMPATH\CodeIgniter.php(368): CodeIgniter\CodeIgniter->handleRequest(null, Object(Config\Cache), false)
 4 FCPATH\index.php(67): CodeIgniter\CodeIgniter->run()
 5 SYSTEMPATH\Commands\Server\rewrite.php(47): require_once('C:\\Users\\pc\\Desktop\\Maohu\\public\\index.php')
CRITICAL - 2023-08-04 09:46:09 --> Call to undefined method CodeIgniter\Session\Session::userdata()
in APPPATH\Controllers\Home.php on line 11.
 1 SYSTEMPATH\CodeIgniter.php(934): App\Controllers\Home->index()
 2 SYSTEMPATH\CodeIgniter.php(499): CodeIgniter\CodeIgniter->runController(Object(App\Controllers\Home))
 3 SYSTEMPATH\CodeIgniter.php(368): CodeIgniter\CodeIgniter->handleRequest(null, Object(Config\Cache), false)
 4 FCPATH\index.php(67): CodeIgniter\CodeIgniter->run()
 5 SYSTEMPATH\Commands\Server\rewrite.php(47): require_once('C:\\Users\\pc\\Desktop\\Maohu\\public\\index.php')
CRITICAL - 2023-08-04 09:46:17 --> Call to undefined method CodeIgniter\Session\Session::userdata()
in APPPATH\Controllers\Home.php on line 11.
 1 SYSTEMPATH\CodeIgniter.php(934): App\Controllers\Home->index()
 2 SYSTEMPATH\CodeIgniter.php(499): CodeIgniter\CodeIgniter->runController(Object(App\Controllers\Home))
 3 SYSTEMPATH\CodeIgniter.php(368): CodeIgniter\CodeIgniter->handleRequest(null, Object(Config\Cache), false)
 4 FCPATH\index.php(67): CodeIgniter\CodeIgniter->run()
 5 SYSTEMPATH\Commands\Server\rewrite.php(47): require_once('C:\\Users\\pc\\Desktop\\Maohu\\public\\index.php')
CRITICAL - 2023-08-04 09:46:18 --> Call to undefined method CodeIgniter\Session\Session::userdata()
in APPPATH\Controllers\Home.php on line 11.
 1 SYSTEMPATH\CodeIgniter.php(934): App\Controllers\Home->index()
 2 SYSTEMPATH\CodeIgniter.php(499): CodeIgniter\CodeIgniter->runController(Object(App\Controllers\Home))
 3 SYSTEMPATH\CodeIgniter.php(368): CodeIgniter\CodeIgniter->handleRequest(null, Object(Config\Cache), false)
 4 FCPATH\index.php(67): CodeIgniter\CodeIgniter->run()
 5 SYSTEMPATH\Commands\Server\rewrite.php(47): require_once('C:\\Users\\pc\\Desktop\\Maohu\\public\\index.php')
CRITICAL - 2023-08-04 09:48:18 --> Undefined variable $config
in APPPATH\Controllers\Home.php on line 6.
 1 APPPATH\Controllers\Home.php(6): CodeIgniter\Debug\Exceptions->errorHandler(2, 'Undefined variable $config', 'C:\\Users\\pc\\Desktop\\Maohu\\app\\Controllers\\Home.php', 6)
 2 SYSTEMPATH\Autoloader\Autoloader.php(312): include_once('C:\\Users\\pc\\Desktop\\Maohu\\app\\Controllers\\Home.php')
 3 SYSTEMPATH\Autoloader\Autoloader.php(289): CodeIgniter\Autoloader\Autoloader->includeFile('C:\\Users\\pc\\Desktop\\Maohu\\app\\Controllers\\Home.php')
 4 SYSTEMPATH\Autoloader\Autoloader.php(267): CodeIgniter\Autoloader\Autoloader->loadInNamespace('App\\Controllers\\Home')
 5 [internal function]: CodeIgniter\Autoloader\Autoloader->loadClass('App\\Controllers\\Home')
 6 SYSTEMPATH\CodeIgniter.php(892): class_exists('\\App\\Controllers\\Home', true)
 7 SYSTEMPATH\CodeIgniter.php(486): CodeIgniter\CodeIgniter->startController()
 8 SYSTEMPATH\CodeIgniter.php(368): CodeIgniter\CodeIgniter->handleRequest(null, Object(Config\Cache), false)
 9 FCPATH\index.php(67): CodeIgniter\CodeIgniter->run()
10 SYSTEMPATH\Commands\Server\rewrite.php(47): require_once('C:\\Users\\pc\\Desktop\\Maohu\\public\\index.php')
CRITICAL - 2023-08-04 09:48:19 --> Undefined variable $config
in APPPATH\Controllers\Home.php on line 6.
 1 APPPATH\Controllers\Home.php(6): CodeIgniter\Debug\Exceptions->errorHandler(2, 'Undefined variable $config', 'C:\\Users\\pc\\Desktop\\Maohu\\app\\Controllers\\Home.php', 6)
 2 SYSTEMPATH\Autoloader\Autoloader.php(312): include_once('C:\\Users\\pc\\Desktop\\Maohu\\app\\Controllers\\Home.php')
 3 SYSTEMPATH\Autoloader\Autoloader.php(289): CodeIgniter\Autoloader\Autoloader->includeFile('C:\\Users\\pc\\Desktop\\Maohu\\app\\Controllers\\Home.php')
 4 SYSTEMPATH\Autoloader\Autoloader.php(267): CodeIgniter\Autoloader\Autoloader->loadInNamespace('App\\Controllers\\Home')
 5 [internal function]: CodeIgniter\Autoloader\Autoloader->loadClass('App\\Controllers\\Home')
 6 SYSTEMPATH\CodeIgniter.php(892): class_exists('\\App\\Controllers\\Home', true)
 7 SYSTEMPATH\CodeIgniter.php(486): CodeIgniter\CodeIgniter->startController()
 8 SYSTEMPATH\CodeIgniter.php(368): CodeIgniter\CodeIgniter->handleRequest(null, Object(Config\Cache), false)
 9 FCPATH\index.php(67): CodeIgniter\CodeIgniter->run()
10 SYSTEMPATH\Commands\Server\rewrite.php(47): require_once('C:\\Users\\pc\\Desktop\\Maohu\\public\\index.php')
CRITICAL - 2023-08-04 09:52:23 --> Call to undefined method CodeIgniter\Session\Session::userdata()
in APPPATH\Controllers\Home.php on line 12.
 1 SYSTEMPATH\CodeIgniter.php(934): App\Controllers\Home->index()
 2 SYSTEMPATH\CodeIgniter.php(499): CodeIgniter\CodeIgniter->runController(Object(App\Controllers\Home))
 3 SYSTEMPATH\CodeIgniter.php(368): CodeIgniter\CodeIgniter->handleRequest(null, Object(Config\Cache), false)
 4 FCPATH\index.php(67): CodeIgniter\CodeIgniter->run()
 5 SYSTEMPATH\Commands\Server\rewrite.php(47): require_once('C:\\Users\\pc\\Desktop\\Maohu\\public\\index.php')
CRITICAL - 2023-08-04 09:52:24 --> Call to undefined method CodeIgniter\Session\Session::userdata()
in APPPATH\Controllers\Home.php on line 12.
 1 SYSTEMPATH\CodeIgniter.php(934): App\Controllers\Home->index()
 2 SYSTEMPATH\CodeIgniter.php(499): CodeIgniter\CodeIgniter->runController(Object(App\Controllers\Home))
 3 SYSTEMPATH\CodeIgniter.php(368): CodeIgniter\CodeIgniter->handleRequest(null, Object(Config\Cache), false)
 4 FCPATH\index.php(67): CodeIgniter\CodeIgniter->run()
 5 SYSTEMPATH\Commands\Server\rewrite.php(47): require_once('C:\\Users\\pc\\Desktop\\Maohu\\public\\index.php')
CRITICAL - 2023-08-04 09:57:05 --> Call to undefined method CodeIgniter\Session\Session::userdata()
in APPPATH\Controllers\Home.php on line 12.
 1 SYSTEMPATH\CodeIgniter.php(934): App\Controllers\Home->index()
 2 SYSTEMPATH\CodeIgniter.php(499): CodeIgniter\CodeIgniter->runController(Object(App\Controllers\Home))
 3 SYSTEMPATH\CodeIgniter.php(368): CodeIgniter\CodeIgniter->handleRequest(null, Object(Config\Cache), false)
 4 FCPATH\index.php(67): CodeIgniter\CodeIgniter->run()
 5 SYSTEMPATH\Commands\Server\rewrite.php(47): require_once('C:\\Users\\pc\\Desktop\\Maohu\\public\\index.php')
CRITICAL - 2023-08-04 09:57:06 --> Call to undefined method CodeIgniter\Session\Session::userdata()
in APPPATH\Controllers\Home.php on line 12.
 1 SYSTEMPATH\CodeIgniter.php(934): App\Controllers\Home->index()
 2 SYSTEMPATH\CodeIgniter.php(499): CodeIgniter\CodeIgniter->runController(Object(App\Controllers\Home))
 3 SYSTEMPATH\CodeIgniter.php(368): CodeIgniter\CodeIgniter->handleRequest(null, Object(Config\Cache), false)
 4 FCPATH\index.php(67): CodeIgniter\CodeIgniter->run()
 5 SYSTEMPATH\Commands\Server\rewrite.php(47): require_once('C:\\Users\\pc\\Desktop\\Maohu\\public\\index.php')
CRITICAL - 2023-08-04 09:57:14 --> The route for "/signin" cannot be found.
in SYSTEMPATH\HTTP\RedirectResponse.php on line 60.
 1 SYSTEMPATH\HTTP\RedirectResponse.php(60): CodeIgniter\HTTP\Exceptions\HTTPException::forInvalidRedirectRoute('/signin')
 2 SYSTEMPATH\Common.php(880): CodeIgniter\HTTP\RedirectResponse->route(false)
 3 APPPATH\Controllers\Home.php(23): redirect('/signin')
 4 SYSTEMPATH\CodeIgniter.php(934): App\Controllers\Home->index()
 5 SYSTEMPATH\CodeIgniter.php(499): CodeIgniter\CodeIgniter->runController(Object(App\Controllers\Home))
 6 SYSTEMPATH\CodeIgniter.php(368): CodeIgniter\CodeIgniter->handleRequest(null, Object(Config\Cache), false)
 7 FCPATH\index.php(67): CodeIgniter\CodeIgniter->run()
 8 SYSTEMPATH\Commands\Server\rewrite.php(47): require_once('C:\\Users\\pc\\Desktop\\Maohu\\public\\index.php')
CRITICAL - 2023-08-04 09:57:15 --> The route for "/signin" cannot be found.
in SYSTEMPATH\HTTP\RedirectResponse.php on line 60.
 1 SYSTEMPATH\HTTP\RedirectResponse.php(60): CodeIgniter\HTTP\Exceptions\HTTPException::forInvalidRedirectRoute('/signin')
 2 SYSTEMPATH\Common.php(880): CodeIgniter\HTTP\RedirectResponse->route(false)
 3 APPPATH\Controllers\Home.php(23): redirect('/signin')
 4 SYSTEMPATH\CodeIgniter.php(934): App\Controllers\Home->index()
 5 SYSTEMPATH\CodeIgniter.php(499): CodeIgniter\CodeIgniter->runController(Object(App\Controllers\Home))
 6 SYSTEMPATH\CodeIgniter.php(368): CodeIgniter\CodeIgniter->handleRequest(null, Object(Config\Cache), false)
 7 FCPATH\index.php(67): CodeIgniter\CodeIgniter->run()
 8 SYSTEMPATH\Commands\Server\rewrite.php(47): require_once('C:\\Users\\pc\\Desktop\\Maohu\\public\\index.php')
CRITICAL - 2023-08-04 09:57:27 --> Call to undefined method CodeIgniter\Session\Session::userdata()
in APPPATH\Controllers\Home.php on line 12.
 1 SYSTEMPATH\CodeIgniter.php(934): App\Controllers\Home->index()
 2 SYSTEMPATH\CodeIgniter.php(499): CodeIgniter\CodeIgniter->runController(Object(App\Controllers\Home))
 3 SYSTEMPATH\CodeIgniter.php(368): CodeIgniter\CodeIgniter->handleRequest(null, Object(Config\Cache), false)
 4 FCPATH\index.php(67): CodeIgniter\CodeIgniter->run()
 5 SYSTEMPATH\Commands\Server\rewrite.php(47): require_once('C:\\Users\\pc\\Desktop\\Maohu\\public\\index.php')
CRITICAL - 2023-08-04 09:57:28 --> Call to undefined method CodeIgniter\Session\Session::userdata()
in APPPATH\Controllers\Home.php on line 12.
 1 SYSTEMPATH\CodeIgniter.php(934): App\Controllers\Home->index()
 2 SYSTEMPATH\CodeIgniter.php(499): CodeIgniter\CodeIgniter->runController(Object(App\Controllers\Home))
 3 SYSTEMPATH\CodeIgniter.php(368): CodeIgniter\CodeIgniter->handleRequest(null, Object(Config\Cache), false)
 4 FCPATH\index.php(67): CodeIgniter\CodeIgniter->run()
 5 SYSTEMPATH\Commands\Server\rewrite.php(47): require_once('C:\\Users\\pc\\Desktop\\Maohu\\public\\index.php')
CRITICAL - 2023-08-04 09:57:40 --> The route for "/signin" cannot be found.
in SYSTEMPATH\HTTP\RedirectResponse.php on line 60.
 1 SYSTEMPATH\HTTP\RedirectResponse.php(60): CodeIgniter\HTTP\Exceptions\HTTPException::forInvalidRedirectRoute('/signin')
 2 SYSTEMPATH\Common.php(880): CodeIgniter\HTTP\RedirectResponse->route(false)
 3 APPPATH\Controllers\Home.php(23): redirect('/signin')
 4 SYSTEMPATH\CodeIgniter.php(934): App\Controllers\Home->index()
 5 SYSTEMPATH\CodeIgniter.php(499): CodeIgniter\CodeIgniter->runController(Object(App\Controllers\Home))
 6 SYSTEMPATH\CodeIgniter.php(368): CodeIgniter\CodeIgniter->handleRequest(null, Object(Config\Cache), false)
 7 FCPATH\index.php(67): CodeIgniter\CodeIgniter->run()
 8 SYSTEMPATH\Commands\Server\rewrite.php(47): require_once('C:\\Users\\pc\\Desktop\\Maohu\\public\\index.php')
CRITICAL - 2023-08-04 09:57:41 --> The route for "/signin" cannot be found.
in SYSTEMPATH\HTTP\RedirectResponse.php on line 60.
 1 SYSTEMPATH\HTTP\RedirectResponse.php(60): CodeIgniter\HTTP\Exceptions\HTTPException::forInvalidRedirectRoute('/signin')
 2 SYSTEMPATH\Common.php(880): CodeIgniter\HTTP\RedirectResponse->route(false)
 3 APPPATH\Controllers\Home.php(23): redirect('/signin')
 4 SYSTEMPATH\CodeIgniter.php(934): App\Controllers\Home->index()
 5 SYSTEMPATH\CodeIgniter.php(499): CodeIgniter\CodeIgniter->runController(Object(App\Controllers\Home))
 6 SYSTEMPATH\CodeIgniter.php(368): CodeIgniter\CodeIgniter->handleRequest(null, Object(Config\Cache), false)
 7 FCPATH\index.php(67): CodeIgniter\CodeIgniter->run()
 8 SYSTEMPATH\Commands\Server\rewrite.php(47): require_once('C:\\Users\\pc\\Desktop\\Maohu\\public\\index.php')
CRITICAL - 2023-08-04 09:59:38 --> Undefined variable $session
in APPPATH\Controllers\Home.php on line 12.
 1 APPPATH\Controllers\Home.php(12): CodeIgniter\Debug\Exceptions->errorHandler(2, 'Undefined variable $session', 'C:\\Users\\pc\\Desktop\\Maohu\\app\\Controllers\\Home.php', 12)
 2 SYSTEMPATH\CodeIgniter.php(934): App\Controllers\Home->index()
 3 SYSTEMPATH\CodeIgniter.php(499): CodeIgniter\CodeIgniter->runController(Object(App\Controllers\Home))
 4 SYSTEMPATH\CodeIgniter.php(368): CodeIgniter\CodeIgniter->handleRequest(null, Object(Config\Cache), false)
 5 FCPATH\index.php(67): CodeIgniter\CodeIgniter->run()
 6 SYSTEMPATH\Commands\Server\rewrite.php(47): require_once('C:\\Users\\pc\\Desktop\\Maohu\\public\\index.php')
CRITICAL - 2023-08-04 09:59:39 --> Undefined variable $session
in APPPATH\Controllers\Home.php on line 12.
 1 APPPATH\Controllers\Home.php(12): CodeIgniter\Debug\Exceptions->errorHandler(2, 'Undefined variable $session', 'C:\\Users\\pc\\Desktop\\Maohu\\app\\Controllers\\Home.php', 12)
 2 SYSTEMPATH\CodeIgniter.php(934): App\Controllers\Home->index()
 3 SYSTEMPATH\CodeIgniter.php(499): CodeIgniter\CodeIgniter->runController(Object(App\Controllers\Home))
 4 SYSTEMPATH\CodeIgniter.php(368): CodeIgniter\CodeIgniter->handleRequest(null, Object(Config\Cache), false)
 5 FCPATH\index.php(67): CodeIgniter\CodeIgniter->run()
 6 SYSTEMPATH\Commands\Server\rewrite.php(47): require_once('C:\\Users\\pc\\Desktop\\Maohu\\public\\index.php')
CRITICAL - 2023-08-04 09:59:45 --> Undefined variable $session
in APPPATH\Controllers\Home.php on line 12.
 1 APPPATH\Controllers\Home.php(12): CodeIgniter\Debug\Exceptions->errorHandler(2, 'Undefined variable $session', 'C:\\Users\\pc\\Desktop\\Maohu\\app\\Controllers\\Home.php', 12)
 2 SYSTEMPATH\CodeIgniter.php(934): App\Controllers\Home->index()
 3 SYSTEMPATH\CodeIgniter.php(499): CodeIgniter\CodeIgniter->runController(Object(App\Controllers\Home))
 4 SYSTEMPATH\CodeIgniter.php(368): CodeIgniter\CodeIgniter->handleRequest(null, Object(Config\Cache), false)
 5 FCPATH\index.php(67): CodeIgniter\CodeIgniter->run()
 6 SYSTEMPATH\Commands\Server\rewrite.php(47): require_once('C:\\Users\\pc\\Desktop\\Maohu\\public\\index.php')
CRITICAL - 2023-08-04 09:59:46 --> Undefined variable $session
in APPPATH\Controllers\Home.php on line 12.
 1 APPPATH\Controllers\Home.php(12): CodeIgniter\Debug\Exceptions->errorHandler(2, 'Undefined variable $session', 'C:\\Users\\pc\\Desktop\\Maohu\\app\\Controllers\\Home.php', 12)
 2 SYSTEMPATH\CodeIgniter.php(934): App\Controllers\Home->index()
 3 SYSTEMPATH\CodeIgniter.php(499): CodeIgniter\CodeIgniter->runController(Object(App\Controllers\Home))
 4 SYSTEMPATH\CodeIgniter.php(368): CodeIgniter\CodeIgniter->handleRequest(null, Object(Config\Cache), false)
 5 FCPATH\index.php(67): CodeIgniter\CodeIgniter->run()
 6 SYSTEMPATH\Commands\Server\rewrite.php(47): require_once('C:\\Users\\pc\\Desktop\\Maohu\\public\\index.php')
CRITICAL - 2023-08-04 10:02:53 --> The route for "/signin" cannot be found.
in SYSTEMPATH\HTTP\RedirectResponse.php on line 60.
 1 SYSTEMPATH\HTTP\RedirectResponse.php(60): CodeIgniter\HTTP\Exceptions\HTTPException::forInvalidRedirectRoute('/signin')
 2 SYSTEMPATH\Common.php(880): CodeIgniter\HTTP\RedirectResponse->route(false)
 3 APPPATH\Controllers\Home.php(23): redirect('/signin')
 4 SYSTEMPATH\CodeIgniter.php(934): App\Controllers\Home->index()
 5 SYSTEMPATH\CodeIgniter.php(499): CodeIgniter\CodeIgniter->runController(Object(App\Controllers\Home))
 6 SYSTEMPATH\CodeIgniter.php(368): CodeIgniter\CodeIgniter->handleRequest(null, Object(Config\Cache), false)
 7 FCPATH\index.php(67): CodeIgniter\CodeIgniter->run()
 8 SYSTEMPATH\Commands\Server\rewrite.php(47): require_once('C:\\Users\\pc\\Desktop\\Maohu\\public\\index.php')
CRITICAL - 2023-08-04 10:02:54 --> The route for "/signin" cannot be found.
in SYSTEMPATH\HTTP\RedirectResponse.php on line 60.
 1 SYSTEMPATH\HTTP\RedirectResponse.php(60): CodeIgniter\HTTP\Exceptions\HTTPException::forInvalidRedirectRoute('/signin')
 2 SYSTEMPATH\Common.php(880): CodeIgniter\HTTP\RedirectResponse->route(false)
 3 APPPATH\Controllers\Home.php(23): redirect('/signin')
 4 SYSTEMPATH\CodeIgniter.php(934): App\Controllers\Home->index()
 5 SYSTEMPATH\CodeIgniter.php(499): CodeIgniter\CodeIgniter->runController(Object(App\Controllers\Home))
 6 SYSTEMPATH\CodeIgniter.php(368): CodeIgniter\CodeIgniter->handleRequest(null, Object(Config\Cache), false)
 7 FCPATH\index.php(67): CodeIgniter\CodeIgniter->run()
 8 SYSTEMPATH\Commands\Server\rewrite.php(47): require_once('C:\\Users\\pc\\Desktop\\Maohu\\public\\index.php')
CRITICAL - 2023-08-04 10:03:07 --> The route for "/signin" cannot be found.
in SYSTEMPATH\HTTP\RedirectResponse.php on line 60.
 1 SYSTEMPATH\HTTP\RedirectResponse.php(60): CodeIgniter\HTTP\Exceptions\HTTPException::forInvalidRedirectRoute('/signin')
 2 SYSTEMPATH\Common.php(880): CodeIgniter\HTTP\RedirectResponse->route(false)
 3 APPPATH\Controllers\Home.php(12): redirect('/signin')
 4 SYSTEMPATH\CodeIgniter.php(934): App\Controllers\Home->index()
 5 SYSTEMPATH\CodeIgniter.php(499): CodeIgniter\CodeIgniter->runController(Object(App\Controllers\Home))
 6 SYSTEMPATH\CodeIgniter.php(368): CodeIgniter\CodeIgniter->handleRequest(null, Object(Config\Cache), false)
 7 FCPATH\index.php(67): CodeIgniter\CodeIgniter->run()
 8 SYSTEMPATH\Commands\Server\rewrite.php(47): require_once('C:\\Users\\pc\\Desktop\\Maohu\\public\\index.php')
CRITICAL - 2023-08-04 10:03:08 --> The route for "/signin" cannot be found.
in SYSTEMPATH\HTTP\RedirectResponse.php on line 60.
 1 SYSTEMPATH\HTTP\RedirectResponse.php(60): CodeIgniter\HTTP\Exceptions\HTTPException::forInvalidRedirectRoute('/signin')
 2 SYSTEMPATH\Common.php(880): CodeIgniter\HTTP\RedirectResponse->route(false)
 3 APPPATH\Controllers\Home.php(12): redirect('/signin')
 4 SYSTEMPATH\CodeIgniter.php(934): App\Controllers\Home->index()
 5 SYSTEMPATH\CodeIgniter.php(499): CodeIgniter\CodeIgniter->runController(Object(App\Controllers\Home))
 6 SYSTEMPATH\CodeIgniter.php(368): CodeIgniter\CodeIgniter->handleRequest(null, Object(Config\Cache), false)
 7 FCPATH\index.php(67): CodeIgniter\CodeIgniter->run()
 8 SYSTEMPATH\Commands\Server\rewrite.php(47): require_once('C:\\Users\\pc\\Desktop\\Maohu\\public\\index.php')
CRITICAL - 2023-08-04 10:03:14 --> The route for "/signin" cannot be found.
in SYSTEMPATH\HTTP\RedirectResponse.php on line 60.
 1 SYSTEMPATH\HTTP\RedirectResponse.php(60): CodeIgniter\HTTP\Exceptions\HTTPException::forInvalidRedirectRoute('/signin')
 2 SYSTEMPATH\Common.php(880): CodeIgniter\HTTP\RedirectResponse->route(false)
 3 APPPATH\Controllers\Home.php(12): redirect('/signin')
 4 SYSTEMPATH\CodeIgniter.php(934): App\Controllers\Home->index()
 5 SYSTEMPATH\CodeIgniter.php(499): CodeIgniter\CodeIgniter->runController(Object(App\Controllers\Home))
 6 SYSTEMPATH\CodeIgniter.php(368): CodeIgniter\CodeIgniter->handleRequest(null, Object(Config\Cache), false)
 7 FCPATH\index.php(67): CodeIgniter\CodeIgniter->run()
 8 SYSTEMPATH\Commands\Server\rewrite.php(47): require_once('C:\\Users\\pc\\Desktop\\Maohu\\public\\index.php')
CRITICAL - 2023-08-04 10:03:15 --> The route for "/signin" cannot be found.
in SYSTEMPATH\HTTP\RedirectResponse.php on line 60.
 1 SYSTEMPATH\HTTP\RedirectResponse.php(60): CodeIgniter\HTTP\Exceptions\HTTPException::forInvalidRedirectRoute('/signin')
 2 SYSTEMPATH\Common.php(880): CodeIgniter\HTTP\RedirectResponse->route(false)
 3 APPPATH\Controllers\Home.php(12): redirect('/signin')
 4 SYSTEMPATH\CodeIgniter.php(934): App\Controllers\Home->index()
 5 SYSTEMPATH\CodeIgniter.php(499): CodeIgniter\CodeIgniter->runController(Object(App\Controllers\Home))
 6 SYSTEMPATH\CodeIgniter.php(368): CodeIgniter\CodeIgniter->handleRequest(null, Object(Config\Cache), false)
 7 FCPATH\index.php(67): CodeIgniter\CodeIgniter->run()
 8 SYSTEMPATH\Commands\Server\rewrite.php(47): require_once('C:\\Users\\pc\\Desktop\\Maohu\\public\\index.php')
CRITICAL - 2023-08-04 10:03:32 --> The route for "/signin" cannot be found.
in SYSTEMPATH\HTTP\RedirectResponse.php on line 60.
 1 SYSTEMPATH\HTTP\RedirectResponse.php(60): CodeIgniter\HTTP\Exceptions\HTTPException::forInvalidRedirectRoute('/signin')
 2 SYSTEMPATH\Common.php(880): CodeIgniter\HTTP\RedirectResponse->route(false)
 3 APPPATH\Controllers\Home.php(23): redirect('/signin')
 4 SYSTEMPATH\CodeIgniter.php(934): App\Controllers\Home->index()
 5 SYSTEMPATH\CodeIgniter.php(499): CodeIgniter\CodeIgniter->runController(Object(App\Controllers\Home))
 6 SYSTEMPATH\CodeIgniter.php(368): CodeIgniter\CodeIgniter->handleRequest(null, Object(Config\Cache), false)
 7 FCPATH\index.php(67): CodeIgniter\CodeIgniter->run()
 8 SYSTEMPATH\Commands\Server\rewrite.php(47): require_once('C:\\Users\\pc\\Desktop\\Maohu\\public\\index.php')
CRITICAL - 2023-08-04 10:03:33 --> The route for "/signin" cannot be found.
in SYSTEMPATH\HTTP\RedirectResponse.php on line 60.
 1 SYSTEMPATH\HTTP\RedirectResponse.php(60): CodeIgniter\HTTP\Exceptions\HTTPException::forInvalidRedirectRoute('/signin')
 2 SYSTEMPATH\Common.php(880): CodeIgniter\HTTP\RedirectResponse->route(false)
 3 APPPATH\Controllers\Home.php(23): redirect('/signin')
 4 SYSTEMPATH\CodeIgniter.php(934): App\Controllers\Home->index()
 5 SYSTEMPATH\CodeIgniter.php(499): CodeIgniter\CodeIgniter->runController(Object(App\Controllers\Home))
 6 SYSTEMPATH\CodeIgniter.php(368): CodeIgniter\CodeIgniter->handleRequest(null, Object(Config\Cache), false)
 7 FCPATH\index.php(67): CodeIgniter\CodeIgniter->run()
 8 SYSTEMPATH\Commands\Server\rewrite.php(47): require_once('C:\\Users\\pc\\Desktop\\Maohu\\public\\index.php')
CRITICAL - 2023-08-04 10:04:13 --> Undefined constant "App\Controllers\redirect"
in APPPATH\Controllers\Home.php on line 23.
 1 SYSTEMPATH\CodeIgniter.php(934): App\Controllers\Home->index()
 2 SYSTEMPATH\CodeIgniter.php(499): CodeIgniter\CodeIgniter->runController(Object(App\Controllers\Home))
 3 SYSTEMPATH\CodeIgniter.php(368): CodeIgniter\CodeIgniter->handleRequest(null, Object(Config\Cache), false)
 4 FCPATH\index.php(67): CodeIgniter\CodeIgniter->run()
 5 SYSTEMPATH\Commands\Server\rewrite.php(47): require_once('C:\\Users\\pc\\Desktop\\Maohu\\public\\index.php')
CRITICAL - 2023-08-04 10:04:14 --> Undefined constant "App\Controllers\redirect"
in APPPATH\Controllers\Home.php on line 23.
 1 SYSTEMPATH\CodeIgniter.php(934): App\Controllers\Home->index()
 2 SYSTEMPATH\CodeIgniter.php(499): CodeIgniter\CodeIgniter->runController(Object(App\Controllers\Home))
 3 SYSTEMPATH\CodeIgniter.php(368): CodeIgniter\CodeIgniter->handleRequest(null, Object(Config\Cache), false)
 4 FCPATH\index.php(67): CodeIgniter\CodeIgniter->run()
 5 SYSTEMPATH\Commands\Server\rewrite.php(47): require_once('C:\\Users\\pc\\Desktop\\Maohu\\public\\index.php')
CRITICAL - 2023-08-04 10:04:53 --> The route for "/signin" cannot be found.
in SYSTEMPATH\HTTP\RedirectResponse.php on line 60.
 1 SYSTEMPATH\HTTP\RedirectResponse.php(60): CodeIgniter\HTTP\Exceptions\HTTPException::forInvalidRedirectRoute('/signin')
 2 APPPATH\Controllers\Home.php(23): CodeIgniter\HTTP\RedirectResponse->route(false)
 3 SYSTEMPATH\CodeIgniter.php(934): App\Controllers\Home->index()
 4 SYSTEMPATH\CodeIgniter.php(499): CodeIgniter\CodeIgniter->runController(Object(App\Controllers\Home))
 5 SYSTEMPATH\CodeIgniter.php(368): CodeIgniter\CodeIgniter->handleRequest(null, Object(Config\Cache), false)
 6 FCPATH\index.php(67): CodeIgniter\CodeIgniter->run()
 7 SYSTEMPATH\Commands\Server\rewrite.php(47): require_once('C:\\Users\\pc\\Desktop\\Maohu\\public\\index.php')
CRITICAL - 2023-08-04 10:04:54 --> The route for "/signin" cannot be found.
in SYSTEMPATH\HTTP\RedirectResponse.php on line 60.
 1 SYSTEMPATH\HTTP\RedirectResponse.php(60): CodeIgniter\HTTP\Exceptions\HTTPException::forInvalidRedirectRoute('/signin')
 2 APPPATH\Controllers\Home.php(23): CodeIgniter\HTTP\RedirectResponse->route(false)
 3 SYSTEMPATH\CodeIgniter.php(934): App\Controllers\Home->index()
 4 SYSTEMPATH\CodeIgniter.php(499): CodeIgniter\CodeIgniter->runController(Object(App\Controllers\Home))
 5 SYSTEMPATH\CodeIgniter.php(368): CodeIgniter\CodeIgniter->handleRequest(null, Object(Config\Cache), false)
 6 FCPATH\index.php(67): CodeIgniter\CodeIgniter->run()
 7 SYSTEMPATH\Commands\Server\rewrite.php(47): require_once('C:\\Users\\pc\\Desktop\\Maohu\\public\\index.php')
CRITICAL - 2023-08-04 18:26:35 --> Too few arguments to function CodeIgniter\Session\Session::remove(), 0 passed in C:\Users\pc\Desktop\Maohu\app\Controllers\Home.php on line 58 and exactly 1 expected
in SYSTEMPATH\Session\Session.php on line 562.
 1 APPPATH\Controllers\Home.php(58): CodeIgniter\Session\Session->remove()
 2 SYSTEMPATH\CodeIgniter.php(934): App\Controllers\Home->signout()
 3 SYSTEMPATH\CodeIgniter.php(499): CodeIgniter\CodeIgniter->runController(Object(App\Controllers\Home))
 4 SYSTEMPATH\CodeIgniter.php(368): CodeIgniter\CodeIgniter->handleRequest(null, Object(Config\Cache), false)
 5 FCPATH\index.php(67): CodeIgniter\CodeIgniter->run()
 6 SYSTEMPATH\Commands\Server\rewrite.php(47): require_once('C:\\Users\\pc\\Desktop\\Maohu\\public\\index.php')
CRITICAL - 2023-08-04 18:27:00 --> Too few arguments to function CodeIgniter\Session\Session::remove(), 0 passed in C:\Users\pc\Desktop\Maohu\app\Controllers\Home.php on line 58 and exactly 1 expected
in SYSTEMPATH\Session\Session.php on line 562.
 1 APPPATH\Controllers\Home.php(58): CodeIgniter\Session\Session->remove()
 2 SYSTEMPATH\CodeIgniter.php(934): App\Controllers\Home->signout()
 3 SYSTEMPATH\CodeIgniter.php(499): CodeIgniter\CodeIgniter->runController(Object(App\Controllers\Home))
 4 SYSTEMPATH\CodeIgniter.php(368): CodeIgniter\CodeIgniter->handleRequest(null, Object(Config\Cache), false)
 5 FCPATH\index.php(67): CodeIgniter\CodeIgniter->run()
 6 SYSTEMPATH\Commands\Server\rewrite.php(47): require_once('C:\\Users\\pc\\Desktop\\Maohu\\public\\index.php')
CRITICAL - 2023-08-04 18:27:01 --> Too few arguments to function CodeIgniter\Session\Session::remove(), 0 passed in C:\Users\pc\Desktop\Maohu\app\Controllers\Home.php on line 58 and exactly 1 expected
in SYSTEMPATH\Session\Session.php on line 562.
 1 APPPATH\Controllers\Home.php(58): CodeIgniter\Session\Session->remove()
 2 SYSTEMPATH\CodeIgniter.php(934): App\Controllers\Home->signout()
 3 SYSTEMPATH\CodeIgniter.php(499): CodeIgniter\CodeIgniter->runController(Object(App\Controllers\Home))
 4 SYSTEMPATH\CodeIgniter.php(368): CodeIgniter\CodeIgniter->handleRequest(null, Object(Config\Cache), false)
 5 FCPATH\index.php(67): CodeIgniter\CodeIgniter->run()
 6 SYSTEMPATH\Commands\Server\rewrite.php(47): require_once('C:\\Users\\pc\\Desktop\\Maohu\\public\\index.php')
CRITICAL - 2023-08-04 18:38:45 --> Undefined variable $email
in APPPATH\Views\header.php on line 345.
 1 APPPATH\Views\header.php(345): CodeIgniter\Debug\Exceptions->errorHandler(2, 'Undefined variable $email', 'C:\\Users\\pc\\Desktop\\Maohu\\app\\Views\\header.php', 345)
 2 SYSTEMPATH\View\View.php(213): include('C:\\Users\\pc\\Desktop\\Maohu\\app\\Views\\header.php')
 3 SYSTEMPATH\View\View.php(216): CodeIgniter\View\View->CodeIgniter\View\{closure}()
 4 SYSTEMPATH\Common.php(1184): CodeIgniter\View\View->render('header', [], true)
 5 APPPATH\Controllers\Home.php(72): view('header')
 6 SYSTEMPATH\CodeIgniter.php(934): App\Controllers\Home->sales_performance()
 7 SYSTEMPATH\CodeIgniter.php(499): CodeIgniter\CodeIgniter->runController(Object(App\Controllers\Home))
 8 SYSTEMPATH\CodeIgniter.php(368): CodeIgniter\CodeIgniter->handleRequest(null, Object(Config\Cache), false)
 9 FCPATH\index.php(67): CodeIgniter\CodeIgniter->run()
10 SYSTEMPATH\Commands\Server\rewrite.php(47): require_once('C:\\Users\\pc\\Desktop\\Maohu\\public\\index.php')
CRITICAL - 2023-08-04 18:39:26 --> Undefined variable $email
in APPPATH\Views\header.php on line 345.
 1 APPPATH\Views\header.php(345): CodeIgniter\Debug\Exceptions->errorHandler(2, 'Undefined variable $email', 'C:\\Users\\pc\\Desktop\\Maohu\\app\\Views\\header.php', 345)
 2 SYSTEMPATH\View\View.php(213): include('C:\\Users\\pc\\Desktop\\Maohu\\app\\Views\\header.php')
 3 SYSTEMPATH\View\View.php(216): CodeIgniter\View\View->CodeIgniter\View\{closure}()
 4 SYSTEMPATH\Common.php(1184): CodeIgniter\View\View->render('header', [], true)
 5 APPPATH\Controllers\Home.php(72): view('header')
 6 SYSTEMPATH\CodeIgniter.php(934): App\Controllers\Home->sales_performance()
 7 SYSTEMPATH\CodeIgniter.php(499): CodeIgniter\CodeIgniter->runController(Object(App\Controllers\Home))
 8 SYSTEMPATH\CodeIgniter.php(368): CodeIgniter\CodeIgniter->handleRequest(null, Object(Config\Cache), false)
 9 FCPATH\index.php(67): CodeIgniter\CodeIgniter->run()
10 SYSTEMPATH\Commands\Server\rewrite.php(47): require_once('C:\\Users\\pc\\Desktop\\Maohu\\public\\index.php')
CRITICAL - 2023-08-04 18:39:29 --> Undefined variable $email
in APPPATH\Views\header.php on line 345.
 1 APPPATH\Views\header.php(345): CodeIgniter\Debug\Exceptions->errorHandler(2, 'Undefined variable $email', 'C:\\Users\\pc\\Desktop\\Maohu\\app\\Views\\header.php', 345)
 2 SYSTEMPATH\View\View.php(213): include('C:\\Users\\pc\\Desktop\\Maohu\\app\\Views\\header.php')
 3 SYSTEMPATH\View\View.php(216): CodeIgniter\View\View->CodeIgniter\View\{closure}()
 4 SYSTEMPATH\Common.php(1184): CodeIgniter\View\View->render('header', [], true)
 5 APPPATH\Controllers\Home.php(72): view('header')
 6 SYSTEMPATH\CodeIgniter.php(934): App\Controllers\Home->sales_performance()
 7 SYSTEMPATH\CodeIgniter.php(499): CodeIgniter\CodeIgniter->runController(Object(App\Controllers\Home))
 8 SYSTEMPATH\CodeIgniter.php(368): CodeIgniter\CodeIgniter->handleRequest(null, Object(Config\Cache), false)
 9 FCPATH\index.php(67): CodeIgniter\CodeIgniter->run()
10 SYSTEMPATH\Commands\Server\rewrite.php(47): require_once('C:\\Users\\pc\\Desktop\\Maohu\\public\\index.php')
CRITICAL - 2023-08-04 18:39:29 --> Undefined variable $email
in APPPATH\Views\header.php on line 345.
 1 APPPATH\Views\header.php(345): CodeIgniter\Debug\Exceptions->errorHandler(2, 'Undefined variable $email', 'C:\\Users\\pc\\Desktop\\Maohu\\app\\Views\\header.php', 345)
 2 SYSTEMPATH\View\View.php(213): include('C:\\Users\\pc\\Desktop\\Maohu\\app\\Views\\header.php')
 3 SYSTEMPATH\View\View.php(216): CodeIgniter\View\View->CodeIgniter\View\{closure}()
 4 SYSTEMPATH\Common.php(1184): CodeIgniter\View\View->render('header', [], true)
 5 APPPATH\Controllers\Home.php(72): view('header')
 6 SYSTEMPATH\CodeIgniter.php(934): App\Controllers\Home->sales_performance()
 7 SYSTEMPATH\CodeIgniter.php(499): CodeIgniter\CodeIgniter->runController(Object(App\Controllers\Home))
 8 SYSTEMPATH\CodeIgniter.php(368): CodeIgniter\CodeIgniter->handleRequest(null, Object(Config\Cache), false)
 9 FCPATH\index.php(67): CodeIgniter\CodeIgniter->run()
10 SYSTEMPATH\Commands\Server\rewrite.php(47): require_once('C:\\Users\\pc\\Desktop\\Maohu\\public\\index.php')
CRITICAL - 2023-08-04 18:39:29 --> Undefined variable $email
in APPPATH\Views\header.php on line 345.
 1 APPPATH\Views\header.php(345): CodeIgniter\Debug\Exceptions->errorHandler(2, 'Undefined variable $email', 'C:\\Users\\pc\\Desktop\\Maohu\\app\\Views\\header.php', 345)
 2 SYSTEMPATH\View\View.php(213): include('C:\\Users\\pc\\Desktop\\Maohu\\app\\Views\\header.php')
 3 SYSTEMPATH\View\View.php(216): CodeIgniter\View\View->CodeIgniter\View\{closure}()
 4 SYSTEMPATH\Common.php(1184): CodeIgniter\View\View->render('header', [], true)
 5 APPPATH\Controllers\Home.php(72): view('header')
 6 SYSTEMPATH\CodeIgniter.php(934): App\Controllers\Home->sales_performance()
 7 SYSTEMPATH\CodeIgniter.php(499): CodeIgniter\CodeIgniter->runController(Object(App\Controllers\Home))
 8 SYSTEMPATH\CodeIgniter.php(368): CodeIgniter\CodeIgniter->handleRequest(null, Object(Config\Cache), false)
 9 FCPATH\index.php(67): CodeIgniter\CodeIgniter->run()
10 SYSTEMPATH\Commands\Server\rewrite.php(47): require_once('C:\\Users\\pc\\Desktop\\Maohu\\public\\index.php')
CRITICAL - 2023-08-04 18:39:29 --> Undefined variable $email
in APPPATH\Views\header.php on line 345.
 1 APPPATH\Views\header.php(345): CodeIgniter\Debug\Exceptions->errorHandler(2, 'Undefined variable $email', 'C:\\Users\\pc\\Desktop\\Maohu\\app\\Views\\header.php', 345)
 2 SYSTEMPATH\View\View.php(213): include('C:\\Users\\pc\\Desktop\\Maohu\\app\\Views\\header.php')
 3 SYSTEMPATH\View\View.php(216): CodeIgniter\View\View->CodeIgniter\View\{closure}()
 4 SYSTEMPATH\Common.php(1184): CodeIgniter\View\View->render('header', [], true)
 5 APPPATH\Controllers\Home.php(72): view('header')
 6 SYSTEMPATH\CodeIgniter.php(934): App\Controllers\Home->sales_performance()
 7 SYSTEMPATH\CodeIgniter.php(499): CodeIgniter\CodeIgniter->runController(Object(App\Controllers\Home))
 8 SYSTEMPATH\CodeIgniter.php(368): CodeIgniter\CodeIgniter->handleRequest(null, Object(Config\Cache), false)
 9 FCPATH\index.php(67): CodeIgniter\CodeIgniter->run()
10 SYSTEMPATH\Commands\Server\rewrite.php(47): require_once('C:\\Users\\pc\\Desktop\\Maohu\\public\\index.php')
CRITICAL - 2023-08-04 18:40:07 --> Undefined variable $email
in APPPATH\Views\header.php on line 345.
 1 APPPATH\Views\header.php(345): CodeIgniter\Debug\Exceptions->errorHandler(2, 'Undefined variable $email', 'C:\\Users\\pc\\Desktop\\Maohu\\app\\Views\\header.php', 345)
 2 SYSTEMPATH\View\View.php(213): include('C:\\Users\\pc\\Desktop\\Maohu\\app\\Views\\header.php')
 3 SYSTEMPATH\View\View.php(216): CodeIgniter\View\View->CodeIgniter\View\{closure}()
 4 SYSTEMPATH\Common.php(1184): CodeIgniter\View\View->render('header', [], true)
 5 APPPATH\Controllers\Home.php(72): view('header')
 6 SYSTEMPATH\CodeIgniter.php(934): App\Controllers\Home->sales_performance()
 7 SYSTEMPATH\CodeIgniter.php(499): CodeIgniter\CodeIgniter->runController(Object(App\Controllers\Home))
 8 SYSTEMPATH\CodeIgniter.php(368): CodeIgniter\CodeIgniter->handleRequest(null, Object(Config\Cache), false)
 9 FCPATH\index.php(67): CodeIgniter\CodeIgniter->run()
10 SYSTEMPATH\Commands\Server\rewrite.php(47): require_once('C:\\Users\\pc\\Desktop\\Maohu\\public\\index.php')
CRITICAL - 2023-08-04 18:40:09 --> Undefined variable $email
in APPPATH\Views\header.php on line 345.
 1 APPPATH\Views\header.php(345): CodeIgniter\Debug\Exceptions->errorHandler(2, 'Undefined variable $email', 'C:\\Users\\pc\\Desktop\\Maohu\\app\\Views\\header.php', 345)
 2 SYSTEMPATH\View\View.php(213): include('C:\\Users\\pc\\Desktop\\Maohu\\app\\Views\\header.php')
 3 SYSTEMPATH\View\View.php(216): CodeIgniter\View\View->CodeIgniter\View\{closure}()
 4 SYSTEMPATH\Common.php(1184): CodeIgniter\View\View->render('header', [], true)
 5 APPPATH\Controllers\Home.php(72): view('header')
 6 SYSTEMPATH\CodeIgniter.php(934): App\Controllers\Home->sales_performance()
 7 SYSTEMPATH\CodeIgniter.php(499): CodeIgniter\CodeIgniter->runController(Object(App\Controllers\Home))
 8 SYSTEMPATH\CodeIgniter.php(368): CodeIgniter\CodeIgniter->handleRequest(null, Object(Config\Cache), false)
 9 FCPATH\index.php(67): CodeIgniter\CodeIgniter->run()
10 SYSTEMPATH\Commands\Server\rewrite.php(47): require_once('C:\\Users\\pc\\Desktop\\Maohu\\public\\index.php')
CRITICAL - 2023-08-04 18:40:10 --> Undefined variable $email
in APPPATH\Views\header.php on line 345.
 1 APPPATH\Views\header.php(345): CodeIgniter\Debug\Exceptions->errorHandler(2, 'Undefined variable $email', 'C:\\Users\\pc\\Desktop\\Maohu\\app\\Views\\header.php', 345)
 2 SYSTEMPATH\View\View.php(213): include('C:\\Users\\pc\\Desktop\\Maohu\\app\\Views\\header.php')
 3 SYSTEMPATH\View\View.php(216): CodeIgniter\View\View->CodeIgniter\View\{closure}()
 4 SYSTEMPATH\Common.php(1184): CodeIgniter\View\View->render('header', [], true)
 5 APPPATH\Controllers\Home.php(72): view('header')
 6 SYSTEMPATH\CodeIgniter.php(934): App\Controllers\Home->sales_performance()
 7 SYSTEMPATH\CodeIgniter.php(499): CodeIgniter\CodeIgniter->runController(Object(App\Controllers\Home))
 8 SYSTEMPATH\CodeIgniter.php(368): CodeIgniter\CodeIgniter->handleRequest(null, Object(Config\Cache), false)
 9 FCPATH\index.php(67): CodeIgniter\CodeIgniter->run()
10 SYSTEMPATH\Commands\Server\rewrite.php(47): require_once('C:\\Users\\pc\\Desktop\\Maohu\\public\\index.php')
CRITICAL - 2023-08-04 18:40:11 --> Undefined variable $email
in APPPATH\Views\header.php on line 345.
 1 APPPATH\Views\header.php(345): CodeIgniter\Debug\Exceptions->errorHandler(2, 'Undefined variable $email', 'C:\\Users\\pc\\Desktop\\Maohu\\app\\Views\\header.php', 345)
 2 SYSTEMPATH\View\View.php(213): include('C:\\Users\\pc\\Desktop\\Maohu\\app\\Views\\header.php')
 3 SYSTEMPATH\View\View.php(216): CodeIgniter\View\View->CodeIgniter\View\{closure}()
 4 SYSTEMPATH\Common.php(1184): CodeIgniter\View\View->render('header', [], true)
 5 APPPATH\Controllers\Home.php(72): view('header')
 6 SYSTEMPATH\CodeIgniter.php(934): App\Controllers\Home->sales_performance()
 7 SYSTEMPATH\CodeIgniter.php(499): CodeIgniter\CodeIgniter->runController(Object(App\Controllers\Home))
 8 SYSTEMPATH\CodeIgniter.php(368): CodeIgniter\CodeIgniter->handleRequest(null, Object(Config\Cache), false)
 9 FCPATH\index.php(67): CodeIgniter\CodeIgniter->run()
10 SYSTEMPATH\Commands\Server\rewrite.php(47): require_once('C:\\Users\\pc\\Desktop\\Maohu\\public\\index.php')
CRITICAL - 2023-08-04 18:40:11 --> Undefined variable $email
in APPPATH\Views\header.php on line 345.
 1 APPPATH\Views\header.php(345): CodeIgniter\Debug\Exceptions->errorHandler(2, 'Undefined variable $email', 'C:\\Users\\pc\\Desktop\\Maohu\\app\\Views\\header.php', 345)
 2 SYSTEMPATH\View\View.php(213): include('C:\\Users\\pc\\Desktop\\Maohu\\app\\Views\\header.php')
 3 SYSTEMPATH\View\View.php(216): CodeIgniter\View\View->CodeIgniter\View\{closure}()
 4 SYSTEMPATH\Common.php(1184): CodeIgniter\View\View->render('header', [], true)
 5 APPPATH\Controllers\Home.php(72): view('header')
 6 SYSTEMPATH\CodeIgniter.php(934): App\Controllers\Home->sales_performance()
 7 SYSTEMPATH\CodeIgniter.php(499): CodeIgniter\CodeIgniter->runController(Object(App\Controllers\Home))
 8 SYSTEMPATH\CodeIgniter.php(368): CodeIgniter\CodeIgniter->handleRequest(null, Object(Config\Cache), false)
 9 FCPATH\index.php(67): CodeIgniter\CodeIgniter->run()
10 SYSTEMPATH\Commands\Server\rewrite.php(47): require_once('C:\\Users\\pc\\Desktop\\Maohu\\public\\index.php')
