CRITICAL - 2023-08-08 08:05:25 --> syntax error, unexpected token "="
in APPPATH\Views\edit_outlet_update_item.php on line 75.
 1 SYSTEMPATH\View\View.php(216): CodeIgniter\View\View->CodeIgniter\View\{closure}()
 2 SYSTEMPATH\Common.php(1184): CodeIgniter\View\View->render('edit_outlet_update_item', [], true)
 3 APPPATH\Controllers\Home.php(352): view('edit_outlet_update_item', [...])
 4 SYSTEMPATH\CodeIgniter.php(934): App\Controllers\Home->outlet_update_item_edit_view()
 5 SYSTEMPATH\CodeIgniter.php(499): CodeIgniter\CodeIgniter->runController(Object(App\Controllers\Home))
 6 SYSTEMPATH\CodeIgniter.php(368): CodeIgniter\CodeIgniter->handleRequest(null, Object(Config\Cache), false)
 7 FCPATH\index.php(67): CodeIgniter\CodeIgniter->run()
CRITICAL - 2023-08-08 08:05:49 --> Undefined array key "id"
in APPPATH\Views\edit_outlet_update_item.php on line 8.
 1 APPPATH\Views\edit_outlet_update_item.php(8): CodeIgniter\Debug\Exceptions->errorHandler(2, 'Undefined array key "id"', 'C:\\Users\\pc\\Desktop\\Maohu\\app\\Views\\edit_outlet_update_item.php', 8)
 2 SYSTEMPATH\View\View.php(213): include('C:\\Users\\pc\\Desktop\\Maohu\\app\\Views\\edit_outlet_update_item.php')
 3 SYSTEMPATH\View\View.php(216): CodeIgniter\View\View->CodeIgniter\View\{closure}()
 4 SYSTEMPATH\Common.php(1184): CodeIgniter\View\View->render('edit_outlet_update_item', [], true)
 5 APPPATH\Controllers\Home.php(352): view('edit_outlet_update_item', [...])
 6 SYSTEMPATH\CodeIgniter.php(934): App\Controllers\Home->outlet_update_item_edit_view()
 7 SYSTEMPATH\CodeIgniter.php(499): CodeIgniter\CodeIgniter->runController(Object(App\Controllers\Home))
 8 SYSTEMPATH\CodeIgniter.php(368): CodeIgniter\CodeIgniter->handleRequest(null, Object(Config\Cache), false)
 9 FCPATH\index.php(67): CodeIgniter\CodeIgniter->run()
CRITICAL - 2023-08-08 08:06:06 --> Undefined array key "id"
in APPPATH\Views\edit_outlet_update_item.php on line 8.
 1 APPPATH\Views\edit_outlet_update_item.php(8): CodeIgniter\Debug\Exceptions->errorHandler(2, 'Undefined array key "id"', 'C:\\Users\\pc\\Desktop\\Maohu\\app\\Views\\edit_outlet_update_item.php', 8)
 2 SYSTEMPATH\View\View.php(213): include('C:\\Users\\pc\\Desktop\\Maohu\\app\\Views\\edit_outlet_update_item.php')
 3 SYSTEMPATH\View\View.php(216): CodeIgniter\View\View->CodeIgniter\View\{closure}()
 4 SYSTEMPATH\Common.php(1184): CodeIgniter\View\View->render('edit_outlet_update_item', [], true)
 5 APPPATH\Controllers\Home.php(352): view('edit_outlet_update_item', [...])
 6 SYSTEMPATH\CodeIgniter.php(934): App\Controllers\Home->outlet_update_item_edit_view()
 7 SYSTEMPATH\CodeIgniter.php(499): CodeIgniter\CodeIgniter->runController(Object(App\Controllers\Home))
 8 SYSTEMPATH\CodeIgniter.php(368): CodeIgniter\CodeIgniter->handleRequest(null, Object(Config\Cache), false)
 9 FCPATH\index.php(67): CodeIgniter\CodeIgniter->run()
CRITICAL - 2023-08-08 08:20:25 --> syntax error, unexpected token "echo"
in APPPATH\Views\edit_outlet_update_item.php on line 20.
 1 SYSTEMPATH\View\View.php(216): CodeIgniter\View\View->CodeIgniter\View\{closure}()
 2 SYSTEMPATH\Common.php(1184): CodeIgniter\View\View->render('edit_outlet_update_item', [], true)
 3 APPPATH\Controllers\Home.php(352): view('edit_outlet_update_item', [...])
 4 SYSTEMPATH\CodeIgniter.php(934): App\Controllers\Home->outlet_update_item_edit_view()
 5 SYSTEMPATH\CodeIgniter.php(499): CodeIgniter\CodeIgniter->runController(Object(App\Controllers\Home))
 6 SYSTEMPATH\CodeIgniter.php(368): CodeIgniter\CodeIgniter->handleRequest(null, Object(Config\Cache), false)
 7 FCPATH\index.php(67): CodeIgniter\CodeIgniter->run()
CRITICAL - 2023-08-08 08:21:22 --> syntax error, unexpected token "echo"
in APPPATH\Views\edit_outlet_update_item.php on line 20.
 1 SYSTEMPATH\View\View.php(216): CodeIgniter\View\View->CodeIgniter\View\{closure}()
 2 SYSTEMPATH\Common.php(1184): CodeIgniter\View\View->render('edit_outlet_update_item', [], true)
 3 APPPATH\Controllers\Home.php(352): view('edit_outlet_update_item', [...])
 4 SYSTEMPATH\CodeIgniter.php(934): App\Controllers\Home->outlet_update_item_edit_view()
 5 SYSTEMPATH\CodeIgniter.php(499): CodeIgniter\CodeIgniter->runController(Object(App\Controllers\Home))
 6 SYSTEMPATH\CodeIgniter.php(368): CodeIgniter\CodeIgniter->handleRequest(null, Object(Config\Cache), false)
 7 FCPATH\index.php(67): CodeIgniter\CodeIgniter->run()
CRITICAL - 2023-08-08 08:22:42 --> syntax error, unexpected token "echo"
in APPPATH\Views\edit_outlet_update_item.php on line 20.
 1 SYSTEMPATH\View\View.php(216): CodeIgniter\View\View->CodeIgniter\View\{closure}()
 2 SYSTEMPATH\Common.php(1184): CodeIgniter\View\View->render('edit_outlet_update_item', [], true)
 3 APPPATH\Controllers\Home.php(352): view('edit_outlet_update_item', [...])
 4 SYSTEMPATH\CodeIgniter.php(934): App\Controllers\Home->outlet_update_item_edit_view()
 5 SYSTEMPATH\CodeIgniter.php(499): CodeIgniter\CodeIgniter->runController(Object(App\Controllers\Home))
 6 SYSTEMPATH\CodeIgniter.php(368): CodeIgniter\CodeIgniter->handleRequest(null, Object(Config\Cache), false)
 7 FCPATH\index.php(67): CodeIgniter\CodeIgniter->run()
CRITICAL - 2023-08-08 09:03:42 --> syntax error, unexpected token "echo"
in APPPATH\Views\edit_outlet_update_item.php on line 20.
 1 SYSTEMPATH\View\View.php(216): CodeIgniter\View\View->CodeIgniter\View\{closure}()
 2 SYSTEMPATH\Common.php(1184): CodeIgniter\View\View->render('edit_outlet_update_item', [], true)
 3 APPPATH\Controllers\Home.php(352): view('edit_outlet_update_item', [...])
 4 SYSTEMPATH\CodeIgniter.php(934): App\Controllers\Home->outlet_update_item_edit_view()
 5 SYSTEMPATH\CodeIgniter.php(499): CodeIgniter\CodeIgniter->runController(Object(App\Controllers\Home))
 6 SYSTEMPATH\CodeIgniter.php(368): CodeIgniter\CodeIgniter->handleRequest(null, Object(Config\Cache), false)
 7 FCPATH\index.php(67): CodeIgniter\CodeIgniter->run()
CRITICAL - 2023-08-08 09:41:41 --> Unparenthesized `a ? b : c ? d : e` is not supported. Use either `(a ? b : c) ? d : e` or `a ? b : (c ? d : e)`
in APPPATH\Views\outlet_update.php on line 88.
 1 [internal function]: CodeIgniter\Debug\Exceptions->shutdownHandler()
CRITICAL - 2023-08-08 09:47:41 --> Undefined variable $item
in APPPATH\Views\edit_outlet_promotion_item.php on line 20.
 1 APPPATH\Views\edit_outlet_promotion_item.php(20): CodeIgniter\Debug\Exceptions->errorHandler(2, 'Undefined variable $item', 'C:\\Users\\pc\\Desktop\\Maohu\\app\\Views\\edit_outlet_promotion_item.php', 20)
 2 SYSTEMPATH\View\View.php(213): include('C:\\Users\\pc\\Desktop\\Maohu\\app\\Views\\edit_outlet_promotion_item.php')
 3 SYSTEMPATH\View\View.php(216): CodeIgniter\View\View->CodeIgniter\View\{closure}()
 4 SYSTEMPATH\Common.php(1184): CodeIgniter\View\View->render('edit_outlet_promotion_item', [], true)
 5 APPPATH\Controllers\Home.php(368): view('edit_outlet_promotion_item', [...])
 6 SYSTEMPATH\CodeIgniter.php(934): App\Controllers\Home->outlet_promotion_item_edit_view()
 7 SYSTEMPATH\CodeIgniter.php(499): CodeIgniter\CodeIgniter->runController(Object(App\Controllers\Home))
 8 SYSTEMPATH\CodeIgniter.php(368): CodeIgniter\CodeIgniter->handleRequest(null, Object(Config\Cache), false)
 9 FCPATH\index.php(67): CodeIgniter\CodeIgniter->run()
CRITICAL - 2023-08-08 09:48:15 --> Undefined variable $item
in APPPATH\Views\edit_outlet_promotion_item.php on line 8.
 1 APPPATH\Views\edit_outlet_promotion_item.php(8): CodeIgniter\Debug\Exceptions->errorHandler(2, 'Undefined variable $item', 'C:\\Users\\pc\\Desktop\\Maohu\\app\\Views\\edit_outlet_promotion_item.php', 8)
 2 SYSTEMPATH\View\View.php(213): include('C:\\Users\\pc\\Desktop\\Maohu\\app\\Views\\edit_outlet_promotion_item.php')
 3 SYSTEMPATH\View\View.php(216): CodeIgniter\View\View->CodeIgniter\View\{closure}()
 4 SYSTEMPATH\Common.php(1184): CodeIgniter\View\View->render('edit_outlet_promotion_item', [], true)
 5 APPPATH\Controllers\Home.php(368): view('edit_outlet_promotion_item', [...])
 6 SYSTEMPATH\CodeIgniter.php(934): App\Controllers\Home->outlet_promotion_item_edit_view()
 7 SYSTEMPATH\CodeIgniter.php(499): CodeIgniter\CodeIgniter->runController(Object(App\Controllers\Home))
 8 SYSTEMPATH\CodeIgniter.php(368): CodeIgniter\CodeIgniter->handleRequest(null, Object(Config\Cache), false)
 9 FCPATH\index.php(67): CodeIgniter\CodeIgniter->run()
CRITICAL - 2023-08-08 09:48:18 --> Undefined variable $item
in APPPATH\Views\edit_outlet_promotion_item.php on line 8.
 1 APPPATH\Views\edit_outlet_promotion_item.php(8): CodeIgniter\Debug\Exceptions->errorHandler(2, 'Undefined variable $item', 'C:\\Users\\pc\\Desktop\\Maohu\\app\\Views\\edit_outlet_promotion_item.php', 8)
 2 SYSTEMPATH\View\View.php(213): include('C:\\Users\\pc\\Desktop\\Maohu\\app\\Views\\edit_outlet_promotion_item.php')
 3 SYSTEMPATH\View\View.php(216): CodeIgniter\View\View->CodeIgniter\View\{closure}()
 4 SYSTEMPATH\Common.php(1184): CodeIgniter\View\View->render('edit_outlet_promotion_item', [], true)
 5 APPPATH\Controllers\Home.php(368): view('edit_outlet_promotion_item', [...])
 6 SYSTEMPATH\CodeIgniter.php(934): App\Controllers\Home->outlet_promotion_item_edit_view()
 7 SYSTEMPATH\CodeIgniter.php(499): CodeIgniter\CodeIgniter->runController(Object(App\Controllers\Home))
 8 SYSTEMPATH\CodeIgniter.php(368): CodeIgniter\CodeIgniter->handleRequest(null, Object(Config\Cache), false)
 9 FCPATH\index.php(67): CodeIgniter\CodeIgniter->run()
CRITICAL - 2023-08-08 09:48:18 --> Undefined variable $item
in APPPATH\Views\edit_outlet_promotion_item.php on line 8.
 1 APPPATH\Views\edit_outlet_promotion_item.php(8): CodeIgniter\Debug\Exceptions->errorHandler(2, 'Undefined variable $item', 'C:\\Users\\pc\\Desktop\\Maohu\\app\\Views\\edit_outlet_promotion_item.php', 8)
 2 SYSTEMPATH\View\View.php(213): include('C:\\Users\\pc\\Desktop\\Maohu\\app\\Views\\edit_outlet_promotion_item.php')
 3 SYSTEMPATH\View\View.php(216): CodeIgniter\View\View->CodeIgniter\View\{closure}()
 4 SYSTEMPATH\Common.php(1184): CodeIgniter\View\View->render('edit_outlet_promotion_item', [], true)
 5 APPPATH\Controllers\Home.php(368): view('edit_outlet_promotion_item', [...])
 6 SYSTEMPATH\CodeIgniter.php(934): App\Controllers\Home->outlet_promotion_item_edit_view()
 7 SYSTEMPATH\CodeIgniter.php(499): CodeIgniter\CodeIgniter->runController(Object(App\Controllers\Home))
 8 SYSTEMPATH\CodeIgniter.php(368): CodeIgniter\CodeIgniter->handleRequest(null, Object(Config\Cache), false)
 9 FCPATH\index.php(67): CodeIgniter\CodeIgniter->run()
CRITICAL - 2023-08-08 09:48:19 --> Undefined variable $item
in APPPATH\Views\edit_outlet_promotion_item.php on line 8.
 1 APPPATH\Views\edit_outlet_promotion_item.php(8): CodeIgniter\Debug\Exceptions->errorHandler(2, 'Undefined variable $item', 'C:\\Users\\pc\\Desktop\\Maohu\\app\\Views\\edit_outlet_promotion_item.php', 8)
 2 SYSTEMPATH\View\View.php(213): include('C:\\Users\\pc\\Desktop\\Maohu\\app\\Views\\edit_outlet_promotion_item.php')
 3 SYSTEMPATH\View\View.php(216): CodeIgniter\View\View->CodeIgniter\View\{closure}()
 4 SYSTEMPATH\Common.php(1184): CodeIgniter\View\View->render('edit_outlet_promotion_item', [], true)
 5 APPPATH\Controllers\Home.php(368): view('edit_outlet_promotion_item', [...])
 6 SYSTEMPATH\CodeIgniter.php(934): App\Controllers\Home->outlet_promotion_item_edit_view()
 7 SYSTEMPATH\CodeIgniter.php(499): CodeIgniter\CodeIgniter->runController(Object(App\Controllers\Home))
 8 SYSTEMPATH\CodeIgniter.php(368): CodeIgniter\CodeIgniter->handleRequest(null, Object(Config\Cache), false)
 9 FCPATH\index.php(67): CodeIgniter\CodeIgniter->run()
